{
  "RSpec": {
    "coverage": {
      "/Users/robertclayton/Library/Mobile Documents/com~apple~CloudDocs/Projects/bank-tech-test/spec/bank_spec.rb": [
        1,
        6,
        null,
        null,
        1,
        1,
        2,
        null,
        null,
        1,
        1,
        null,
        null,
        1,
        1,
        null,
        null,
        null,
        1,
        1,
        4,
        null,
        null,
        1,
        1,
        2,
        null,
        null,
        1,
        1,
        2,
        null,
        null,
        1,
        1,
        2,
        null,
        null,
        1,
        1,
        2,
        null,
        null
      ]
    },
    "timestamp": 1514919764
  }
}
